app/build/intermediates/manifest_merge_blame_file/debug/manifest-merger-blame-debug-report.txt
1<?xml version="1.0" encoding="utf-8"?>
2<manifest xmlns:android="http://schemas.android.com/apk/res/android"
3    package="com.lilaclab.dadimadu"
4    android:versionCode="1"
5    android:versionName="1.0" >
6
7    <uses-sdk
8        android:minSdkVersion="26"
9        android:targetSdkVersion="33" />
10
11    <permission
11-->[androidx.core:core:1.9.0] AndroidManifest.xml:22:5-24:47
12        android:name="com.lilaclab.dadimadu.DYNAMIC_RECEIVER_NOT_EXPORTED_PERMISSION"
12-->[androidx.core:core:1.9.0] AndroidManifest.xml:23:9-81
13        android:protectionLevel="signature" />
13-->[androidx.core:core:1.9.0] AndroidManifest.xml:24:9-44
14
15    <uses-permission android:name="com.lilaclab.dadimadu.DYNAMIC_RECEIVER_NOT_EXPORTED_PERMISSION" />
15-->[androidx.core:core:1.9.0] AndroidManifest.xml:26:5-97
15-->[androidx.core:core:1.9.0] AndroidManifest.xml:26:22-94
16
17    <application
17-->src\main\AndroidManifest.xml:4:5-30:19
18        android:allowBackup="true"
18-->src\main\AndroidManifest.xml:5:9-35
19        android:appComponentFactory="androidx.core.app.CoreComponentFactory"
19-->[androidx.core:core:1.9.0] AndroidManifest.xml:28:18-86
20        android:debuggable="true"
21        android:extractNativeLibs="false"
22        android:icon="@drawable/logo_dm"
22-->src\main\AndroidManifest.xml:6:9-41
23        android:label="@string/app_name"
23-->src\main\AndroidManifest.xml:7:9-41
24        android:theme="@style/Theme.DadiMadu"
24-->src\main\AndroidManifest.xml:8:9-46
25        android:usesCleartextTraffic="true" >
25-->src\main\AndroidManifest.xml:9:9-44
26        <activity android:name="com.lilaclab.dadimadu.activity.PengaturanActivity" />
26-->src\main\AndroidManifest.xml:10:9-65
26-->src\main\AndroidManifest.xml:10:19-62
27        <activity android:name="com.lilaclab.dadimadu.activity.LaporanActivity" />
27-->src\main\AndroidManifest.xml:11:9-62
27-->src\main\AndroidManifest.xml:11:19-59
28        <activity android:name="com.lilaclab.dadimadu.activity.PengeluaranActivity" />
28-->src\main\AndroidManifest.xml:12:9-66
28-->src\main\AndroidManifest.xml:12:19-63
29        <activity android:name="com.lilaclab.dadimadu.activity.PembelianActivity" />
29-->src\main\AndroidManifest.xml:13:9-64
29-->src\main\AndroidManifest.xml:13:19-61
30        <activity android:name="com.lilaclab.dadimadu.activity.PelangganActivity" />
30-->src\main\AndroidManifest.xml:14:9-64
30-->src\main\AndroidManifest.xml:14:19-61
31        <activity android:name="com.lilaclab.dadimadu.activity.TambahProdukActivity" />
31-->src\main\AndroidManifest.xml:15:9-67
31-->src\main\AndroidManifest.xml:15:19-64
32        <activity android:name="com.lilaclab.dadimadu.activity.ProdukActivity" />
32-->src\main\AndroidManifest.xml:16:9-61
32-->src\main\AndroidManifest.xml:16:19-58
33        <activity android:name="com.lilaclab.dadimadu.activity.DetailTransaksiActivity" />
33-->src\main\AndroidManifest.xml:17:9-70
33-->src\main\AndroidManifest.xml:17:19-67
34        <activity android:name="com.lilaclab.dadimadu.activity.TambahTransaksiActivity" />
34-->src\main\AndroidManifest.xml:18:9-70
34-->src\main\AndroidManifest.xml:18:19-67
35        <activity android:name="com.lilaclab.dadimadu.activity.TransaksiActivity" />
35-->src\main\AndroidManifest.xml:19:9-64
35-->src\main\AndroidManifest.xml:19:19-61
36        <activity android:name="com.lilaclab.dadimadu.activity.MainActivity" />
36-->src\main\AndroidManifest.xml:20:9-59
36-->src\main\AndroidManifest.xml:20:19-56
37        <activity android:name="com.lilaclab.dadimadu.activity.LoginActivity" />
37-->src\main\AndroidManifest.xml:21:9-60
37-->src\main\AndroidManifest.xml:21:19-57
38        <activity
38-->src\main\AndroidManifest.xml:22:9-29:20
39            android:name="com.lilaclab.dadimadu.activity.SplashActivity"
39-->src\main\AndroidManifest.xml:23:13-52
40            android:exported="true" >
40-->src\main\AndroidManifest.xml:24:13-36
41            <intent-filter>
41-->src\main\AndroidManifest.xml:25:13-28:29
42                <action android:name="android.intent.action.MAIN" />
42-->src\main\AndroidManifest.xml:26:17-69
42-->src\main\AndroidManifest.xml:26:25-66
43
44                <category android:name="android.intent.category.LAUNCHER" />
44-->src\main\AndroidManifest.xml:27:17-77
44-->src\main\AndroidManifest.xml:27:27-74
45            </intent-filter>
46        </activity>
47
48        <service
48-->[androidx.room:room-runtime:2.5.2] AndroidManifest.xml:24:9-28:63
49            android:name="androidx.room.MultiInstanceInvalidationService"
49-->[androidx.room:room-runtime:2.5.2] AndroidManifest.xml:25:13-74
50            android:directBootAware="true"
50-->[androidx.room:room-runtime:2.5.2] AndroidManifest.xml:26:13-43
51            android:exported="false" />
51-->[androidx.room:room-runtime:2.5.2] AndroidManifest.xml:27:13-37
52
53        <provider
53-->[androidx.emoji2:emoji2:1.2.0] AndroidManifest.xml:24:9-32:20
54            android:name="androidx.startup.InitializationProvider"
54-->[androidx.emoji2:emoji2:1.2.0] AndroidManifest.xml:25:13-67
55            android:authorities="com.lilaclab.dadimadu.androidx-startup"
55-->[androidx.emoji2:emoji2:1.2.0] AndroidManifest.xml:26:13-68
56            android:exported="false" >
56-->[androidx.emoji2:emoji2:1.2.0] AndroidManifest.xml:27:13-37
57            <meta-data
57-->[androidx.emoji2:emoji2:1.2.0] AndroidManifest.xml:29:13-31:52
58                android:name="androidx.emoji2.text.EmojiCompatInitializer"
58-->[androidx.emoji2:emoji2:1.2.0] AndroidManifest.xml:30:17-75
59                android:value="androidx.startup" />
59-->[androidx.emoji2:emoji2:1.2.0] AndroidManifest.xml:31:17-49
60            <meta-data
60-->[androidx.lifecycle:lifecycle-process:2.4.1] AndroidManifest.xml:31:13-33:52
61                android:name="androidx.lifecycle.ProcessLifecycleInitializer"
61-->[androidx.lifecycle:lifecycle-process:2.4.1] AndroidManifest.xml:32:17-78
62                android:value="androidx.startup" />
62-->[androidx.lifecycle:lifecycle-process:2.4.1] AndroidManifest.xml:33:17-49
63        </provider>
64    </application>
65
66</manifest>